{"/Users/luoyutzi/kiwords/styleMock.js": {"path":"/Users/luoyutzi/kiwords/styleMock.js","statementMap":{"0":{"start":{"line":1,"column":0},"end":{"line":1,"column":20}}},"fnMap":{},"branchMap":{},"s":{"0":1},"f":{},"b":{},"_coverageSchema":"1a1c01bbd47fc00a2c39e90264f33305004495a9","hash":"e688c95586eedd17530a6b237bdd6964a1e8e1fb"}
,"/Users/luoyutzi/kiwords/src/components/BookDetail.js": {"path":"/Users/luoyutzi/kiwords/src/components/BookDetail.js","statementMap":{"0":{"start":{"line":9,"column":4},"end":{"line":9,"column":17}},"1":{"start":{"line":10,"column":4},"end":{"line":18,"column":6}},"2":{"start":{"line":19,"column":4},"end":{"line":19,"column":50}},"3":{"start":{"line":20,"column":4},"end":{"line":20,"column":50}},"4":{"start":{"line":21,"column":4},"end":{"line":21,"column":42}},"5":{"start":{"line":22,"column":4},"end":{"line":22,"column":48}},"6":{"start":{"line":23,"column":4},"end":{"line":23,"column":60}},"7":{"start":{"line":24,"column":4},"end":{"line":24,"column":48}},"8":{"start":{"line":25,"column":4},"end":{"line":25,"column":62}},"9":{"start":{"line":26,"column":4},"end":{"line":26,"column":54}},"10":{"start":{"line":30,"column":112},"end":{"line":30,"column":132}},"11":{"start":{"line":34,"column":4},"end":{"line":38,"column":5}},"12":{"start":{"line":34,"column":17},"end":{"line":34,"column":18}},"13":{"start":{"line":35,"column":19},"end":{"line":35,"column":36}},"14":{"start":{"line":36,"column":6},"end":{"line":36,"column":35}},"15":{"start":{"line":37,"column":6},"end":{"line":37,"column":48}},"16":{"start":{"line":40,"column":16},"end":{"line":40,"column":18}},"17":{"start":{"line":41,"column":22},"end":{"line":41,"column":23}},"18":{"start":{"line":43,"column":4},"end":{"line":84,"column":5}},"19":{"start":{"line":44,"column":6},"end":{"line":83,"column":10}},"20":{"start":{"line":48,"column":10},"end":{"line":53,"column":11}},"21":{"start":{"line":49,"column":12},"end":{"line":49,"column":57}},"22":{"start":{"line":50,"column":12},"end":{"line":50,"column":60}},"23":{"start":{"line":52,"column":12},"end":{"line":52,"column":45}},"24":{"start":{"line":56,"column":10},"end":{"line":79,"column":11}},"25":{"start":{"line":58,"column":12},"end":{"line":62,"column":13}},"26":{"start":{"line":59,"column":14},"end":{"line":59,"column":81}},"27":{"start":{"line":61,"column":14},"end":{"line":61,"column":85}},"28":{"start":{"line":65,"column":12},"end":{"line":69,"column":13}},"29":{"start":{"line":66,"column":14},"end":{"line":66,"column":54}},"30":{"start":{"line":68,"column":14},"end":{"line":68,"column":25}},"31":{"start":{"line":70,"column":12},"end":{"line":73,"column":13}},"32":{"start":{"line":70,"column":25},"end":{"line":70,"column":26}},"33":{"start":{"line":71,"column":14},"end":{"line":71,"column":69}},"34":{"start":{"line":72,"column":14},"end":{"line":72,"column":27}},"35":{"start":{"line":74,"column":12},"end":{"line":76,"column":13}},"36":{"start":{"line":75,"column":14},"end":{"line":75,"column":45}},"37":{"start":{"line":78,"column":12},"end":{"line":78,"column":38}},"38":{"start":{"line":82,"column":10},"end":{"line":82,"column":56}},"39":{"start":{"line":89,"column":22},"end":{"line":89,"column":23}},"40":{"start":{"line":90,"column":26},"end":{"line":90,"column":78}},"41":{"start":{"line":91,"column":4},"end":{"line":123,"column":5}},"42":{"start":{"line":92,"column":18},"end":{"line":92,"column":20}},"43":{"start":{"line":94,"column":23},"end":{"line":94,"column":76}},"44":{"start":{"line":95,"column":22},"end":{"line":95,"column":80}},"45":{"start":{"line":98,"column":6},"end":{"line":102,"column":7}},"46":{"start":{"line":99,"column":8},"end":{"line":99,"column":75}},"47":{"start":{"line":101,"column":8},"end":{"line":101,"column":79}},"48":{"start":{"line":104,"column":6},"end":{"line":112,"column":7}},"49":{"start":{"line":105,"column":8},"end":{"line":105,"column":71}},"50":{"start":{"line":106,"column":13},"end":{"line":112,"column":7}},"51":{"start":{"line":107,"column":8},"end":{"line":107,"column":18}},"52":{"start":{"line":108,"column":8},"end":{"line":108,"column":39}},"53":{"start":{"line":109,"column":8},"end":{"line":109,"column":43}},"54":{"start":{"line":111,"column":8},"end":{"line":111,"column":42}},"55":{"start":{"line":114,"column":6},"end":{"line":117,"column":7}},"56":{"start":{"line":114,"column":19},"end":{"line":114,"column":39}},"57":{"start":{"line":115,"column":8},"end":{"line":115,"column":63}},"58":{"start":{"line":116,"column":8},"end":{"line":116,"column":21}},"59":{"start":{"line":118,"column":6},"end":{"line":122,"column":7}},"60":{"start":{"line":119,"column":8},"end":{"line":119,"column":39}},"61":{"start":{"line":120,"column":8},"end":{"line":120,"column":58}},"62":{"start":{"line":121,"column":8},"end":{"line":121,"column":43}},"63":{"start":{"line":128,"column":19},"end":{"line":128,"column":56}},"64":{"start":{"line":129,"column":18},"end":{"line":129,"column":54}},"65":{"start":{"line":130,"column":20},"end":{"line":130,"column":54}},"66":{"start":{"line":132,"column":4},"end":{"line":170,"column":5}},"67":{"start":{"line":138,"column":12},"end":{"line":138,"column":27}},"68":{"start":{"line":144,"column":14},"end":{"line":144,"column":32}},"69":{"start":{"line":173,"column":22},"end":{"line":187,"column":3}},"70":{"start":{"line":174,"column":17},"end":{"line":174,"column":19}},"71":{"start":{"line":175,"column":4},"end":{"line":185,"column":5}},"72":{"start":{"line":176,"column":6},"end":{"line":182,"column":7}},"73":{"start":{"line":176,"column":19},"end":{"line":176,"column":20}},"74":{"start":{"line":177,"column":8},"end":{"line":181,"column":9}},"75":{"start":{"line":178,"column":10},"end":{"line":178,"column":26}},"76":{"start":{"line":180,"column":10},"end":{"line":180,"column":33}},"77":{"start":{"line":184,"column":6},"end":{"line":184,"column":18}},"78":{"start":{"line":186,"column":4},"end":{"line":186,"column":17}},"79":{"start":{"line":190,"column":4},"end":{"line":194,"column":5}},"80":{"start":{"line":198,"column":4},"end":{"line":198,"column":23}},"81":{"start":{"line":199,"column":4},"end":{"line":199,"column":57}},"82":{"start":{"line":200,"column":4},"end":{"line":200,"column":50}},"83":{"start":{"line":201,"column":4},"end":{"line":201,"column":36}},"84":{"start":{"line":206,"column":14},"end":{"line":206,"column":16}},"85":{"start":{"line":207,"column":20},"end":{"line":207,"column":38}},"86":{"start":{"line":208,"column":4},"end":{"line":208,"column":23}},"87":{"start":{"line":210,"column":4},"end":{"line":215,"column":5}},"88":{"start":{"line":210,"column":17},"end":{"line":210,"column":18}},"89":{"start":{"line":211,"column":6},"end":{"line":214,"column":7}},"90":{"start":{"line":213,"column":8},"end":{"line":213,"column":40}},"91":{"start":{"line":216,"column":4},"end":{"line":216,"column":27}},"92":{"start":{"line":221,"column":113},"end":{"line":221,"column":133}},"93":{"start":{"line":224,"column":4},"end":{"line":227,"column":5}},"94":{"start":{"line":224,"column":17},"end":{"line":224,"column":18}},"95":{"start":{"line":225,"column":19},"end":{"line":225,"column":36}},"96":{"start":{"line":226,"column":6},"end":{"line":226,"column":35}},"97":{"start":{"line":228,"column":4},"end":{"line":243,"column":8}},"98":{"start":{"line":233,"column":8},"end":{"line":235,"column":9}},"99":{"start":{"line":234,"column":10},"end":{"line":234,"column":64}},"100":{"start":{"line":238,"column":8},"end":{"line":238,"column":41}},"101":{"start":{"line":239,"column":8},"end":{"line":239,"column":42}},"102":{"start":{"line":242,"column":8},"end":{"line":242,"column":24}},"103":{"start":{"line":248,"column":14},"end":{"line":248,"column":16}},"104":{"start":{"line":249,"column":4},"end":{"line":251,"column":5}},"105":{"start":{"line":249,"column":17},"end":{"line":249,"column":18}},"106":{"start":{"line":250,"column":6},"end":{"line":250,"column":40}},"107":{"start":{"line":252,"column":4},"end":{"line":256,"column":5}},"108":{"start":{"line":260,"column":4},"end":{"line":264,"column":5}},"109":{"start":{"line":261,"column":53},"end":{"line":261,"column":71}},"110":{"start":{"line":268,"column":14},"end":{"line":268,"column":29}},"111":{"start":{"line":269,"column":4},"end":{"line":269,"column":37}},"112":{"start":{"line":270,"column":4},"end":{"line":270,"column":38}},"113":{"start":{"line":279,"column":18},"end":{"line":279,"column":86}},"114":{"start":{"line":280,"column":113},"end":{"line":280,"column":133}},"115":{"start":{"line":284,"column":4},"end":{"line":288,"column":5}},"116":{"start":{"line":284,"column":17},"end":{"line":284,"column":18}},"117":{"start":{"line":285,"column":19},"end":{"line":285,"column":36}},"118":{"start":{"line":286,"column":6},"end":{"line":286,"column":35}},"119":{"start":{"line":287,"column":6},"end":{"line":287,"column":48}},"120":{"start":{"line":290,"column":4},"end":{"line":355,"column":5}},"121":{"start":{"line":298,"column":16},"end":{"line":298,"column":63}},"122":{"start":{"line":303,"column":16},"end":{"line":304,"column":108}},"123":{"start":{"line":329,"column":14},"end":{"line":329,"column":106}},"124":{"start":{"line":345,"column":14},"end":{"line":346,"column":102}}},"fnMap":{"0":{"name":"(anonymous_0)","decl":{"start":{"line":8,"column":2},"end":{"line":8,"column":3}},"loc":{"start":{"line":8,"column":21},"end":{"line":27,"column":3}},"line":8},"1":{"name":"(anonymous_1)","decl":{"start":{"line":29,"column":2},"end":{"line":29,"column":3}},"loc":{"start":{"line":29,"column":22},"end":{"line":85,"column":3}},"line":29},"2":{"name":"(anonymous_2)","decl":{"start":{"line":47,"column":14},"end":{"line":47,"column":15}},"loc":{"start":{"line":47,"column":23},"end":{"line":54,"column":9}},"line":47},"3":{"name":"(anonymous_3)","decl":{"start":{"line":55,"column":14},"end":{"line":55,"column":15}},"loc":{"start":{"line":55,"column":20},"end":{"line":80,"column":9}},"line":55},"4":{"name":"(anonymous_4)","decl":{"start":{"line":81,"column":15},"end":{"line":81,"column":16}},"loc":{"start":{"line":81,"column":26},"end":{"line":83,"column":9}},"line":81},"5":{"name":"(anonymous_5)","decl":{"start":{"line":87,"column":2},"end":{"line":87,"column":3}},"loc":{"start":{"line":87,"column":23},"end":{"line":124,"column":3}},"line":87},"6":{"name":"(anonymous_6)","decl":{"start":{"line":126,"column":2},"end":{"line":126,"column":3}},"loc":{"start":{"line":126,"column":23},"end":{"line":171,"column":3}},"line":126},"7":{"name":"(anonymous_7)","decl":{"start":{"line":137,"column":19},"end":{"line":137,"column":20}},"loc":{"start":{"line":137,"column":26},"end":{"line":139,"column":11}},"line":137},"8":{"name":"(anonymous_8)","decl":{"start":{"line":143,"column":21},"end":{"line":143,"column":22}},"loc":{"start":{"line":143,"column":28},"end":{"line":145,"column":13}},"line":143},"9":{"name":"(anonymous_9)","decl":{"start":{"line":173,"column":22},"end":{"line":173,"column":23}},"loc":{"start":{"line":173,"column":31},"end":{"line":187,"column":3}},"line":173},"10":{"name":"(anonymous_10)","decl":{"start":{"line":189,"column":2},"end":{"line":189,"column":3}},"loc":{"start":{"line":189,"column":16},"end":{"line":195,"column":3}},"line":189},"11":{"name":"(anonymous_11)","decl":{"start":{"line":197,"column":2},"end":{"line":197,"column":3}},"loc":{"start":{"line":197,"column":13},"end":{"line":202,"column":3}},"line":197},"12":{"name":"(anonymous_12)","decl":{"start":{"line":204,"column":2},"end":{"line":204,"column":3}},"loc":{"start":{"line":204,"column":16},"end":{"line":217,"column":3}},"line":204},"13":{"name":"(anonymous_13)","decl":{"start":{"line":219,"column":2},"end":{"line":219,"column":3}},"loc":{"start":{"line":219,"column":22},"end":{"line":244,"column":3}},"line":219},"14":{"name":"(anonymous_14)","decl":{"start":{"line":232,"column":12},"end":{"line":232,"column":13}},"loc":{"start":{"line":232,"column":18},"end":{"line":236,"column":7}},"line":232},"15":{"name":"(anonymous_15)","decl":{"start":{"line":237,"column":12},"end":{"line":237,"column":13}},"loc":{"start":{"line":237,"column":18},"end":{"line":240,"column":7}},"line":237},"16":{"name":"(anonymous_16)","decl":{"start":{"line":241,"column":13},"end":{"line":241,"column":14}},"loc":{"start":{"line":241,"column":22},"end":{"line":243,"column":7}},"line":241},"17":{"name":"(anonymous_17)","decl":{"start":{"line":247,"column":2},"end":{"line":247,"column":3}},"loc":{"start":{"line":247,"column":15},"end":{"line":257,"column":3}},"line":247},"18":{"name":"(anonymous_18)","decl":{"start":{"line":259,"column":2},"end":{"line":259,"column":3}},"loc":{"start":{"line":259,"column":22},"end":{"line":265,"column":3}},"line":259},"19":{"name":"(anonymous_19)","decl":{"start":{"line":261,"column":45},"end":{"line":261,"column":46}},"loc":{"start":{"line":261,"column":51},"end":{"line":261,"column":73}},"line":261},"20":{"name":"(anonymous_20)","decl":{"start":{"line":267,"column":2},"end":{"line":267,"column":3}},"loc":{"start":{"line":267,"column":16},"end":{"line":271,"column":3}},"line":267},"21":{"name":"(anonymous_21)","decl":{"start":{"line":277,"column":2},"end":{"line":277,"column":3}},"loc":{"start":{"line":277,"column":11},"end":{"line":356,"column":3}},"line":277},"22":{"name":"(anonymous_22)","decl":{"start":{"line":297,"column":23},"end":{"line":297,"column":24}},"loc":{"start":{"line":297,"column":29},"end":{"line":299,"column":15}},"line":297},"23":{"name":"(anonymous_23)","decl":{"start":{"line":302,"column":23},"end":{"line":302,"column":24}},"loc":{"start":{"line":302,"column":34},"end":{"line":305,"column":15}},"line":302},"24":{"name":"(anonymous_24)","decl":{"start":{"line":328,"column":23},"end":{"line":328,"column":24}},"loc":{"start":{"line":328,"column":29},"end":{"line":330,"column":15}},"line":328},"25":{"name":"(anonymous_25)","decl":{"start":{"line":344,"column":21},"end":{"line":344,"column":22}},"loc":{"start":{"line":344,"column":32},"end":{"line":347,"column":13}},"line":344}},"branchMap":{"0":{"loc":{"start":{"line":43,"column":4},"end":{"line":84,"column":5}},"type":"if","locations":[{"start":{"line":43,"column":4},"end":{"line":84,"column":5}},{"start":{"line":43,"column":4},"end":{"line":84,"column":5}}],"line":43},"1":{"loc":{"start":{"line":48,"column":10},"end":{"line":53,"column":11}},"type":"if","locations":[{"start":{"line":48,"column":10},"end":{"line":53,"column":11}},{"start":{"line":48,"column":10},"end":{"line":53,"column":11}}],"line":48},"2":{"loc":{"start":{"line":56,"column":10},"end":{"line":79,"column":11}},"type":"if","locations":[{"start":{"line":56,"column":10},"end":{"line":79,"column":11}},{"start":{"line":56,"column":10},"end":{"line":79,"column":11}}],"line":56},"3":{"loc":{"start":{"line":58,"column":12},"end":{"line":62,"column":13}},"type":"if","locations":[{"start":{"line":58,"column":12},"end":{"line":62,"column":13}},{"start":{"line":58,"column":12},"end":{"line":62,"column":13}}],"line":58},"4":{"loc":{"start":{"line":65,"column":12},"end":{"line":69,"column":13}},"type":"if","locations":[{"start":{"line":65,"column":12},"end":{"line":69,"column":13}},{"start":{"line":65,"column":12},"end":{"line":69,"column":13}}],"line":65},"5":{"loc":{"start":{"line":74,"column":12},"end":{"line":76,"column":13}},"type":"if","locations":[{"start":{"line":74,"column":12},"end":{"line":76,"column":13}},{"start":{"line":74,"column":12},"end":{"line":76,"column":13}}],"line":74},"6":{"loc":{"start":{"line":90,"column":26},"end":{"line":90,"column":78}},"type":"binary-expr","locations":[{"start":{"line":90,"column":26},"end":{"line":90,"column":54}},{"start":{"line":90,"column":58},"end":{"line":90,"column":78}}],"line":90},"7":{"loc":{"start":{"line":91,"column":4},"end":{"line":123,"column":5}},"type":"if","locations":[{"start":{"line":91,"column":4},"end":{"line":123,"column":5}},{"start":{"line":91,"column":4},"end":{"line":123,"column":5}}],"line":91},"8":{"loc":{"start":{"line":95,"column":22},"end":{"line":95,"column":80}},"type":"binary-expr","locations":[{"start":{"line":95,"column":22},"end":{"line":95,"column":46}},{"start":{"line":95,"column":50},"end":{"line":95,"column":80}}],"line":95},"9":{"loc":{"start":{"line":98,"column":6},"end":{"line":102,"column":7}},"type":"if","locations":[{"start":{"line":98,"column":6},"end":{"line":102,"column":7}},{"start":{"line":98,"column":6},"end":{"line":102,"column":7}}],"line":98},"10":{"loc":{"start":{"line":104,"column":6},"end":{"line":112,"column":7}},"type":"if","locations":[{"start":{"line":104,"column":6},"end":{"line":112,"column":7}},{"start":{"line":104,"column":6},"end":{"line":112,"column":7}}],"line":104},"11":{"loc":{"start":{"line":104,"column":10},"end":{"line":104,"column":54}},"type":"binary-expr","locations":[{"start":{"line":104,"column":10},"end":{"line":104,"column":20}},{"start":{"line":104,"column":24},"end":{"line":104,"column":54}}],"line":104},"12":{"loc":{"start":{"line":106,"column":13},"end":{"line":112,"column":7}},"type":"if","locations":[{"start":{"line":106,"column":13},"end":{"line":112,"column":7}},{"start":{"line":106,"column":13},"end":{"line":112,"column":7}}],"line":106},"13":{"loc":{"start":{"line":106,"column":17},"end":{"line":106,"column":40}},"type":"binary-expr","locations":[{"start":{"line":106,"column":17},"end":{"line":106,"column":27}},{"start":{"line":106,"column":31},"end":{"line":106,"column":40}}],"line":106},"14":{"loc":{"start":{"line":118,"column":6},"end":{"line":122,"column":7}},"type":"if","locations":[{"start":{"line":118,"column":6},"end":{"line":122,"column":7}},{"start":{"line":118,"column":6},"end":{"line":122,"column":7}}],"line":118},"15":{"loc":{"start":{"line":151,"column":21},"end":{"line":151,"column":74}},"type":"cond-expr","locations":[{"start":{"line":151,"column":58},"end":{"line":151,"column":65}},{"start":{"line":151,"column":68},"end":{"line":151,"column":74}}],"line":151},"16":{"loc":{"start":{"line":151,"column":21},"end":{"line":151,"column":55}},"type":"binary-expr","locations":[{"start":{"line":151,"column":21},"end":{"line":151,"column":42}},{"start":{"line":151,"column":46},"end":{"line":151,"column":55}}],"line":151},"17":{"loc":{"start":{"line":161,"column":13},"end":{"line":161,"column":64}},"type":"cond-expr","locations":[{"start":{"line":161,"column":40},"end":{"line":161,"column":48}},{"start":{"line":161,"column":51},"end":{"line":161,"column":64}}],"line":161},"18":{"loc":{"start":{"line":166,"column":13},"end":{"line":166,"column":61}},"type":"cond-expr","locations":[{"start":{"line":166,"column":39},"end":{"line":166,"column":46}},{"start":{"line":166,"column":49},"end":{"line":166,"column":61}}],"line":166},"19":{"loc":{"start":{"line":175,"column":4},"end":{"line":185,"column":5}},"type":"if","locations":[{"start":{"line":175,"column":4},"end":{"line":185,"column":5}},{"start":{"line":175,"column":4},"end":{"line":185,"column":5}}],"line":175},"20":{"loc":{"start":{"line":177,"column":8},"end":{"line":181,"column":9}},"type":"if","locations":[{"start":{"line":177,"column":8},"end":{"line":181,"column":9}},{"start":{"line":177,"column":8},"end":{"line":181,"column":9}}],"line":177},"21":{"loc":{"start":{"line":211,"column":6},"end":{"line":214,"column":7}},"type":"if","locations":[{"start":{"line":211,"column":6},"end":{"line":214,"column":7}},{"start":{"line":211,"column":6},"end":{"line":214,"column":7}}],"line":211},"22":{"loc":{"start":{"line":233,"column":8},"end":{"line":235,"column":9}},"type":"if","locations":[{"start":{"line":233,"column":8},"end":{"line":235,"column":9}},{"start":{"line":233,"column":8},"end":{"line":235,"column":9}}],"line":233},"23":{"loc":{"start":{"line":233,"column":12},"end":{"line":233,"column":75}},"type":"binary-expr","locations":[{"start":{"line":233,"column":12},"end":{"line":233,"column":47}},{"start":{"line":233,"column":51},"end":{"line":233,"column":75}}],"line":233},"24":{"loc":{"start":{"line":312,"column":21},"end":{"line":312,"column":67}},"type":"cond-expr","locations":[{"start":{"line":312,"column":51},"end":{"line":312,"column":58}},{"start":{"line":312,"column":61},"end":{"line":312,"column":67}}],"line":312},"25":{"loc":{"start":{"line":316,"column":9},"end":{"line":332,"column":16}},"type":"cond-expr","locations":[{"start":{"line":318,"column":10},"end":{"line":320,"column":16}},{"start":{"line":322,"column":10},"end":{"line":332,"column":16}}],"line":316},"26":{"loc":{"start":{"line":339,"column":21},"end":{"line":339,"column":66}},"type":"cond-expr","locations":[{"start":{"line":339,"column":51},"end":{"line":339,"column":57}},{"start":{"line":339,"column":60},"end":{"line":339,"column":66}}],"line":339}},"s":{"0":4,"1":4,"2":4,"3":4,"4":4,"5":4,"6":4,"7":4,"8":4,"9":4,"10":4,"11":4,"12":4,"13":16,"14":16,"15":16,"16":4,"17":4,"18":4,"19":0,"20":0,"21":0,"22":0,"23":0,"24":0,"25":0,"26":0,"27":0,"28":0,"29":0,"30":0,"31":0,"32":0,"33":0,"34":0,"35":0,"36":0,"37":0,"38":0,"39":8,"40":8,"41":8,"42":0,"43":0,"44":0,"45":0,"46":0,"47":0,"48":0,"49":0,"50":0,"51":0,"52":0,"53":0,"54":0,"55":0,"56":0,"57":0,"58":0,"59":0,"60":0,"61":0,"62":0,"63":0,"64":0,"65":0,"66":0,"67":0,"68":0,"69":4,"70":0,"71":0,"72":0,"73":0,"74":0,"75":0,"76":0,"77":0,"78":0,"79":0,"80":0,"81":0,"82":0,"83":0,"84":0,"85":0,"86":0,"87":0,"88":0,"89":0,"90":0,"91":0,"92":0,"93":0,"94":0,"95":0,"96":0,"97":0,"98":0,"99":0,"100":0,"101":0,"102":0,"103":12,"104":12,"105":12,"106":3,"107":12,"108":3,"109":0,"110":3,"111":3,"112":3,"113":12,"114":12,"115":12,"116":12,"117":48,"118":48,"119":48,"120":12,"121":0,"122":0,"123":0,"124":0},"f":{"0":4,"1":4,"2":0,"3":0,"4":0,"5":8,"6":0,"7":0,"8":0,"9":0,"10":0,"11":0,"12":0,"13":0,"14":0,"15":0,"16":0,"17":12,"18":3,"19":0,"20":3,"21":12,"22":0,"23":0,"24":0,"25":0},"b":{"0":[0,4],"1":[0,0],"2":[0,0],"3":[0,0],"4":[0,0],"5":[0,0],"6":[8,0],"7":[0,8],"8":[0,0],"9":[0,0],"10":[0,0],"11":[0,0],"12":[0,0],"13":[0,0],"14":[0,0],"15":[0,0],"16":[0,0],"17":[0,0],"18":[0,0],"19":[0,0],"20":[0,0],"21":[0,0],"22":[0,0],"23":[0,0],"24":[0,12],"25":[0,12],"26":[0,12]},"_coverageSchema":"1a1c01bbd47fc00a2c39e90264f33305004495a9","hash":"d1ff7b22db7af8ccf42a0e329d74f88a08c32c09"}
,"/Users/luoyutzi/kiwords/src/utility/firebaseConfig.js": {"path":"/Users/luoyutzi/kiwords/src/utility/firebaseConfig.js","statementMap":{"0":{"start":{"line":7,"column":23},"end":{"line":16,"column":1}},"1":{"start":{"line":18,"column":0},"end":{"line":18,"column":39}},"2":{"start":{"line":22,"column":11},"end":{"line":22,"column":31}},"3":{"start":{"line":23,"column":16},"end":{"line":23,"column":34}}},"fnMap":{},"branchMap":{},"s":{"0":1,"1":1,"2":1,"3":1},"f":{},"b":{},"_coverageSchema":"1a1c01bbd47fc00a2c39e90264f33305004495a9","hash":"778db16da6a02cd6ed0b74ff48c3f5f3d55366f3"}
}
