TN:
SF:styleMock.js
FNF:0
FNH:0
DA:1,1
LF:1
LH:1
BRF:0
BRH:0
end_of_record
TN:
SF:src/components/BookDetail.js
FN:8,(anonymous_0)
FN:29,(anonymous_1)
FN:47,(anonymous_2)
FN:55,(anonymous_3)
FN:81,(anonymous_4)
FN:87,(anonymous_5)
FN:126,(anonymous_6)
FN:137,(anonymous_7)
FN:143,(anonymous_8)
FN:173,(anonymous_9)
FN:189,(anonymous_10)
FN:197,(anonymous_11)
FN:204,(anonymous_12)
FN:219,(anonymous_13)
FN:232,(anonymous_14)
FN:237,(anonymous_15)
FN:241,(anonymous_16)
FN:247,(anonymous_17)
FN:259,(anonymous_18)
FN:261,(anonymous_19)
FN:267,(anonymous_20)
FN:277,(anonymous_21)
FN:297,(anonymous_22)
FN:302,(anonymous_23)
FN:328,(anonymous_24)
FN:344,(anonymous_25)
FNF:26
FNH:7
FNDA:4,(anonymous_0)
FNDA:4,(anonymous_1)
FNDA:0,(anonymous_2)
FNDA:0,(anonymous_3)
FNDA:0,(anonymous_4)
FNDA:8,(anonymous_5)
FNDA:0,(anonymous_6)
FNDA:0,(anonymous_7)
FNDA:0,(anonymous_8)
FNDA:0,(anonymous_9)
FNDA:0,(anonymous_10)
FNDA:0,(anonymous_11)
FNDA:0,(anonymous_12)
FNDA:0,(anonymous_13)
FNDA:0,(anonymous_14)
FNDA:0,(anonymous_15)
FNDA:0,(anonymous_16)
FNDA:12,(anonymous_17)
FNDA:3,(anonymous_18)
FNDA:0,(anonymous_19)
FNDA:3,(anonymous_20)
FNDA:12,(anonymous_21)
FNDA:0,(anonymous_22)
FNDA:0,(anonymous_23)
FNDA:0,(anonymous_24)
FNDA:0,(anonymous_25)
DA:9,4
DA:10,4
DA:19,4
DA:20,4
DA:21,4
DA:22,4
DA:23,4
DA:24,4
DA:25,4
DA:26,4
DA:30,4
DA:34,4
DA:35,16
DA:36,16
DA:37,16
DA:40,4
DA:41,4
DA:43,4
DA:44,0
DA:48,0
DA:49,0
DA:50,0
DA:52,0
DA:56,0
DA:58,0
DA:59,0
DA:61,0
DA:65,0
DA:66,0
DA:68,0
DA:70,0
DA:71,0
DA:72,0
DA:74,0
DA:75,0
DA:78,0
DA:82,0
DA:89,8
DA:90,8
DA:91,8
DA:92,0
DA:94,0
DA:95,0
DA:98,0
DA:99,0
DA:101,0
DA:104,0
DA:105,0
DA:106,0
DA:107,0
DA:108,0
DA:109,0
DA:111,0
DA:114,0
DA:115,0
DA:116,0
DA:118,0
DA:119,0
DA:120,0
DA:121,0
DA:128,0
DA:129,0
DA:130,0
DA:132,0
DA:138,0
DA:144,0
DA:173,4
DA:174,0
DA:175,0
DA:176,0
DA:177,0
DA:178,0
DA:180,0
DA:184,0
DA:186,0
DA:190,0
DA:198,0
DA:199,0
DA:200,0
DA:201,0
DA:206,0
DA:207,0
DA:208,0
DA:210,0
DA:211,0
DA:213,0
DA:216,0
DA:221,0
DA:224,0
DA:225,0
DA:226,0
DA:228,0
DA:233,0
DA:234,0
DA:238,0
DA:239,0
DA:242,0
DA:248,12
DA:249,12
DA:250,3
DA:252,12
DA:260,3
DA:261,0
DA:268,3
DA:269,3
DA:270,3
DA:279,12
DA:280,12
DA:284,12
DA:285,48
DA:286,48
DA:287,48
DA:290,12
DA:298,0
DA:303,0
DA:329,0
DA:345,0
LF:117
LH:37
BRDA:43,0,0,0
BRDA:43,0,1,4
BRDA:48,1,0,0
BRDA:48,1,1,0
BRDA:56,2,0,0
BRDA:56,2,1,0
BRDA:58,3,0,0
BRDA:58,3,1,0
BRDA:65,4,0,0
BRDA:65,4,1,0
BRDA:74,5,0,0
BRDA:74,5,1,0
BRDA:90,6,0,8
BRDA:90,6,1,0
BRDA:91,7,0,0
BRDA:91,7,1,8
BRDA:95,8,0,0
BRDA:95,8,1,0
BRDA:98,9,0,0
BRDA:98,9,1,0
BRDA:104,10,0,0
BRDA:104,10,1,0
BRDA:104,11,0,0
BRDA:104,11,1,0
BRDA:106,12,0,0
BRDA:106,12,1,0
BRDA:106,13,0,0
BRDA:106,13,1,0
BRDA:118,14,0,0
BRDA:118,14,1,0
BRDA:151,15,0,0
BRDA:151,15,1,0
BRDA:151,16,0,0
BRDA:151,16,1,0
BRDA:161,17,0,0
BRDA:161,17,1,0
BRDA:166,18,0,0
BRDA:166,18,1,0
BRDA:175,19,0,0
BRDA:175,19,1,0
BRDA:177,20,0,0
BRDA:177,20,1,0
BRDA:211,21,0,0
BRDA:211,21,1,0
BRDA:233,22,0,0
BRDA:233,22,1,0
BRDA:233,23,0,0
BRDA:233,23,1,0
BRDA:312,24,0,0
BRDA:312,24,1,12
BRDA:316,25,0,0
BRDA:316,25,1,12
BRDA:339,26,0,0
BRDA:339,26,1,12
BRF:54
BRH:6
end_of_record
TN:
SF:src/utility/firebaseConfig.js
FNF:0
FNH:0
DA:7,1
DA:18,1
DA:22,1
DA:23,1
LF:4
LH:4
BRF:0
BRH:0
end_of_record
